2025-04-01 00:19:11,853 - api - INFO - Starting API server
2025-04-01 00:19:39,652 - api - INFO - Starting API server
2025-04-01 00:19:46,240 - api - INFO - Application started at 2025-04-01 00:19:46.240458
2025-04-01 00:19:46,240 - api - INFO - Loading model from /Users/saliksaleem/Desktop/Projects/text-sentiment-mlops/models/saved/sentiment_model
2025-04-01 00:19:46,298 - api - INFO - Model loaded successfully
2025-04-01 00:23:02,711 - api - INFO - Starting API server
2025-04-01 00:23:09,387 - api - INFO - Application started at 2025-04-01 00:23:09.387364
2025-04-01 00:23:09,387 - api - INFO - Loading model from /Users/saliksaleem/Desktop/Projects/text-sentiment-mlops/models/saved/sentiment_model
2025-04-01 00:23:09,433 - api - INFO - Model loaded successfully
2025-04-01 00:23:18,248 - api - INFO - Received prediction request: you are doing good job...
2025-04-01 00:23:19,223 - api - INFO - Prediction: positive, Confidence: 0.62, Response time: 0.968s
2025-04-01 00:23:24,881 - api - INFO - Received prediction request: you are doing bad job...
2025-04-01 00:23:25,349 - api - INFO - Prediction: negative, Confidence: 0.67, Response time: 0.467s
2025-04-01 00:23:33,991 - api - INFO - Received prediction request: movie was worse than good ...
2025-04-01 00:23:34,307 - api - INFO - Prediction: negative, Confidence: 0.73, Response time: 0.315s
2025-04-01 00:24:47,538 - api - INFO - Starting API server
2025-04-01 00:24:55,243 - api - INFO - Application started at 2025-04-01 00:24:55.243073
2025-04-01 00:24:55,243 - api - INFO - Loading model from /Users/saliksaleem/Desktop/Projects/text-sentiment-mlops/models/saved/sentiment_model
2025-04-01 00:24:55,288 - api - INFO - Model loaded successfully
2025-04-01 00:25:00,149 - api - INFO - Received prediction request: movie was worse than good ...
2025-04-01 00:25:01,093 - api - INFO - Prediction: negative, Confidence: 0.73, Response time: 0.944s
2025-04-01 00:25:04,778 - api - INFO - Received prediction request: movie was than good ...
2025-04-01 00:25:05,130 - api - INFO - Prediction: negative, Confidence: 0.54, Response time: 0.352s
2025-04-01 00:25:11,881 - api - INFO - Received prediction request: movie was not good ...
2025-04-01 00:25:12,308 - api - INFO - Prediction: negative, Confidence: 0.71, Response time: 0.426s
2025-04-01 00:25:34,398 - api - INFO - Received prediction request: movie was good ...
2025-04-01 00:25:34,781 - api - INFO - Prediction: positive, Confidence: 0.57, Response time: 0.381s
2025-04-01 00:26:01,452 - api - INFO - Received prediction request: movie was good very bad...
2025-04-01 00:26:01,873 - api - INFO - Prediction: negative, Confidence: 0.68, Response time: 0.421s
